{
  "RSpec": {
    "coverage": {
      "/Users/bertz/Projects/Xs_and_Os/spec/board_printer_spec.rb": [
        1,
        1,
        null,
        1,
        6,
        2,
        null,
        1,
        1,
        1,
        2,
        null,
        null,
        null,
        1,
        1,
        1,
        2,
        null,
        null,
        null,
        1,
        1,
        1,
        2,
        null,
        null,
        null,
        1,
        1,
        2,
        null,
        null,
        null
      ],
      "/Users/bertz/Projects/Xs_and_Os/lib/board_printer.rb": [
        1,
        1,
        20,
        null,
        null,
        20,
        20,
        20,
        20,
        20,
        20,
        20,
        20,
        20,
        20,
        20,
        null,
        null,
        1,
        20,
        null,
        null,
        1,
        1,
        null,
        null,
        1,
        1,
        null,
        null
      ],
      "/Users/bertz/Projects/Xs_and_Os/lib/board.rb": [
        1,
        null,
        1,
        1,
        null,
        1,
        410,
        null,
        null
      ],
      "/Users/bertz/Projects/Xs_and_Os/lib/square.rb": [
        1,
        1,
        null,
        1,
        371,
        null,
        null
      ],
      "/Users/bertz/Projects/Xs_and_Os/spec/board_spec.rb": [
        1,
        null,
        1,
        4,
        2,
        null,
        1,
        1,
        null,
        1,
        1,
        null,
        null
      ],
      "/Users/bertz/Projects/Xs_and_Os/spec/checker_spec.rb": [
        1,
        1,
        null,
        1,
        14,
        2,
        null,
        1,
        1,
        1,
        1,
        1,
        1,
        1,
        1,
        null,
        1,
        1,
        1,
        1,
        1,
        1,
        1,
        null,
        1,
        1,
        1,
        1,
        1,
        1,
        1,
        null,
        null,
        null,
        1,
        1,
        1,
        1,
        1,
        1,
        1,
        1,
        null,
        1,
        1,
        1,
        1,
        1,
        1,
        1,
        null,
        1,
        1,
        1,
        1,
        1,
        1,
        1,
        null,
        null,
        1,
        1,
        1,
        1,
        1,
        1,
        1,
        1,
        null,
        1,
        1,
        1,
        1,
        1,
        1,
        1,
        null,
        1,
        1,
        1,
        1,
        1,
        1,
        1,
        null,
        null,
        1,
        1,
        1,
        1,
        1,
        1,
        1,
        1,
        null,
        null,
        null,
        1,
        1,
        1,
        1,
        1,
        1,
        1,
        1,
        1,
        1,
        1,
        1,
        1,
        null,
        1,
        1,
        1,
        1,
        1,
        null,
        null,
        null
      ],
      "/Users/bertz/Projects/Xs_and_Os/lib/checker.rb": [
        1,
        1,
        5,
        3,
        null,
        2,
        null,
        null,
        null,
        1,
        4,
        3,
        null,
        1,
        null,
        null,
        null,
        1,
        3,
        2,
        null,
        1,
        null,
        null,
        null,
        1,
        2,
        null,
        null,
        1,
        2,
        2,
        18,
        11,
        null,
        7,
        null,
        null,
        2,
        1,
        null,
        1,
        null,
        null,
        null
      ],
      "/Users/bertz/Projects/Xs_and_Os/spec/game_spec.rb": [
        1,
        null,
        1,
        10,
        2,
        null,
        1,
        1,
        1,
        null,
        null,
        1,
        1,
        1,
        1,
        1,
        null,
        null,
        1,
        1,
        null,
        null,
        1,
        1,
        null,
        null,
        1,
        1,
        1,
        1,
        1,
        null,
        null,
        null,
        1,
        1,
        1,
        0,
        null,
        null,
        1,
        2,
        null,
        null,
        1,
        1,
        1,
        1,
        1,
        1,
        null,
        null,
        null
      ],
      "/Users/bertz/Projects/Xs_and_Os/lib/game.rb": [
        1,
        1,
        1,
        1,
        1,
        null,
        1,
        1,
        1,
        null,
        1,
        19,
        19,
        19,
        19,
        19,
        19,
        19,
        19,
        19,
        19,
        null,
        null,
        1,
        19,
        null,
        null,
        1,
        19,
        null,
        null,
        1,
        1,
        null,
        null,
        1,
        1,
        null,
        null,
        1,
        0,
        null,
        null,
        1,
        0,
        null,
        null,
        1,
        0,
        null,
        null,
        1,
        2,
        1,
        null,
        1,
        1,
        0,
        0,
        0,
        0,
        0,
        0,
        null,
        0,
        0,
        0,
        null,
        null,
        null,
        null
      ],
      "/Users/bertz/Projects/Xs_and_Os/lib/player.rb": [
        1,
        1,
        null,
        1,
        43,
        43,
        null,
        null
      ],
      "/Users/bertz/Projects/Xs_and_Os/lib/turn.rb": [
        1,
        1,
        null,
        1,
        7,
        7,
        7,
        null,
        null,
        1,
        5,
        3,
        null,
        2,
        null,
        null,
        null,
        1,
        2,
        null,
        null
      ],
      "/Users/bertz/Projects/Xs_and_Os/spec/player_spec.rb": [
        1,
        null,
        1,
        4,
        2,
        null,
        1,
        1,
        null,
        null,
        1,
        1,
        null,
        null
      ],
      "/Users/bertz/Projects/Xs_and_Os/spec/square_spec.rb": [
        1,
        null,
        1,
        3,
        2,
        null,
        1,
        1,
        null,
        null
      ],
      "/Users/bertz/Projects/Xs_and_Os/spec/turn_spec.rb": [
        1,
        null,
        1,
        7,
        1,
        6,
        null,
        7,
        2,
        null,
        1,
        1,
        null,
        null,
        1,
        1,
        null,
        null,
        1,
        1,
        1,
        1,
        null,
        null,
        1,
        1,
        2,
        null,
        null,
        null,
        1,
        1,
        1,
        1,
        null,
        null,
        null
      ]
    },
    "timestamp": 1497641251
  }
}
